<?xml version="1.0" encoding="UTF-8"?>
<testsuite xmlns:xsi="http://www.w3.org/2001/XMLSchema-instance" xsi:noNamespaceSchemaLocation="https://maven.apache.org/surefire/maven-surefire-plugin/xsd/surefire-test-report-3.0.xsd" version="3.0" name="com.recruitflow.shared.architecture.ArchitectureTest" time="8.704" tests="6" errors="0" skipped="0" failures="0">
  <properties>
[...]
</properties>
  <testcase name="controllersMustOnlyDependOnInputPorts" classname="com.recruitflow.shared.architecture.ArchitectureTest" time="0.658">
    <system-out><![CDATA[09:04:45.003 [main] INFO com.tngtech.archunit.core.PluginLoader -- Detected Java version 17.0.18
]]></system-out>
  </testcase>
  <testcase name="applicationLayerMustNotDependOnInfrastructure" classname="com.recruitflow.shared.architecture.ArchitectureTest" time="0.137"/>
  <testcase name="domainModelMustNotDependOnJpa" classname="com.recruitflow.shared.architecture.ArchitectureTest" time="0.016"/>
  <testcase name="domainMustNotDependOnInfrastructure" classname="com.recruitflow.shared.architecture.ArchitectureTest" time="0.052"/>
  <testcase name="layeredArchitectureIsRespected" classname="com.recruitflow.shared.architecture.ArchitectureTest" time="0.228"/>
  <testcase name="domainServicesMustNotDependOnRepositoryAdapters" classname="com.recruitflow.shared.architecture.ArchitectureTest" time="0.005"/>
</testsuite>